<?xml version="1.0" encoding="UTF-8"?>
<!-- Generated by org.testng.reporters.JUnitReportReporter -->
<testsuite hostname="LAPTOP-BKEQF5PU" failures="0" tests="1" name="com.Tests.Flipkart" time="29.473" errors="0" timestamp="2020-11-25T22:56:01 IST" skipped="0">
  <testcase classname="com.Tests.Flipkart" name="TestFlipkartSearch" time="29.473"/>
  <system-out>
TC to test Flipkart Search functioanlity started Chrome Invoked and navigated to URL: https://www.flipkart.com<br> Page Navigated.<br> Sign In Window Closed.<br> Search Box is displayed.<br> Search Box set with value :Tv and search results displayed<br> Product Name and price fetched from UI and saved in HashMap as:{22499=Mi 4A Pro 108 cm (43) Full HD LED Smart Android TV With Google Data Saver, 84999=Samsung The Frame 138cm (55 inch) Ultra HD (4K) QLED Smart TV, 24999=OnePlus Y Series 108cm (43 inch) Full HD LED Smart Android TV, 14990=Samsung 80cm (32 inch) HD Ready LED Smart TV 2020 Edition, 25999=Mi 4X 108 cm (43) Ultra HD (4K) LED Smart Android TV, 13999=Mi 4A Horizon Edition 80 cm (32) HD Ready LED Smart Android TV, 41999=Motorola Revou 139cm (55 inch) Ultra HD (4K) LED Smart Android TV with Dolby Atmos and Dolby Vision, 14799=Vu Premium 80cm (32 inch) HD Ready LED Smart Android TV, 12499=Thomson 9A Series 80cm (32 inch) HD Ready LED Smart Android TV, 28980=LG 108cm (43 inch) Full HD LED Smart TV 2020 Edition, 18999=Mi 4A 100 cm (40) Full HD LED Smart Android TV With Google Data Saver, 14999=OnePlus Y Series 80cm (32 inch) HD Ready LED Smart Android TV, 13499=Mi 4A PRO 80 cm (32) HD Ready LED Smart Android TV With Google Data Saver, 139999=Samsung The Frame 163cm (65 inch) Ultra HD (4K) QLED Smart TV, 99999=Samsung 163cm (65 inch) Ultra HD (4K) LED Smart TV, 48990=Samsung 125cm (50 inch) Ultra HD (4K) LED Smart TV, 31999=Samsung 108cm (43 inch) Full HD LED Smart TV, 15999=Samsung 80cm (32 inch) HD Ready LED Smart TV 2020 Edition with Voice Search, 23999=iFFALCON by TCL AI Powered K31 108cm (43 inch) Ultra HD (4K) LED Smart Android TV with HDR 10}<br> High Product Price is: 139999 Product name is: Samsung The Frame 163cm (65 inch) Ultra HD (4K) QLED Smart TV Low Product Price is: 12499 Product name is: Thomson 9A Series 80cm (32 inch) HD Ready LED Smart Android TV  </system-out>
</testsuite> <!-- com.Tests.Flipkart -->
